<?xml version="1.0" encoding="UTF-8"?>
<!-- Generated by org.testng.reporters.JUnitReportReporter -->
<testsuite hostname="IBM-PF3K9656" failures="0" tests="6" name="TestCases.AppTest" time="22.924" errors="0" timestamp="2023-08-22T22:14:00 EET" skipped="0">
  <testcase classname="TestCases.AppTest" name="Login" time="7.527"/>
  <system-out/>
  <testcase classname="TestCases.AppTest" name="CreateBoard_api" time="1.392"/>
  <system-out/>
  <testcase classname="TestCases.AppTest" name="GetList_api" time="0.274"/>
  <system-out/>
  <testcase classname="TestCases.AppTest" name="CreateCard_api" time="0.477"/>
  <system-out/>
  <testcase classname="TestCases.AppTest" name="moveCard" time="12.969"/>
  <system-out/>
  <testcase classname="TestCases.AppTest" name="AddCard" time="0.285"/>
  <system-out/>
</testsuite> <!-- TestCases.AppTest -->
